<?xml version="1.0" encoding="UTF-8"?>
<!-- Generated by org.testng.reporters.JUnitXMLReporter -->
<testsuite hostname="Ceroshs-MBP-2" ignored="0" name="Default test" tests="4" failures="0" timestamp="2021-05-29T20:01:07 AEST" time="2.603" errors="0">
  <testcase name="ThePostRequest" time="2.393" classname="Org.Testing.TestTrigger.Trigger"/>
  <testcase name="TheGetRequest" time="0.059" classname="Org.Testing.TestTrigger.Trigger"/>
  <testcase name="ThePutRequest" time="0.036" classname="Org.Testing.TestTrigger.Trigger"/>
  <testcase name="TheDeleteRequest" time="0.044" classname="Org.Testing.TestTrigger.Trigger"/>
</testsuite> <!-- Default test -->
