<?xml version="1.0" encoding="UTF-8"?>
<testng-results skipped="0" failed="0" ignored="0" total="4" passed="4">
  <reporter-output>
  </reporter-output>
  <suite name="Default suite" duration-ms="2603" started-at="2021-05-29T20:01:04 AEST" finished-at="2021-05-29T20:01:07 AEST">
    <groups>
    </groups>
    <test name="Default test" duration-ms="2603" started-at="2021-05-29T20:01:04 AEST" finished-at="2021-05-29T20:01:07 AEST">
      <class name="Org.Testing.TestTrigger.Trigger">
        <test-method status="PASS" signature="ExecuteBeforeEveryMethod(java.lang.reflect.Method)[pri:0, instance:Org.Testing.TestTrigger.Trigger@612679d6]" name="ExecuteBeforeEveryMethod" is-config="true" duration-ms="7" started-at="2021-05-29T20:01:04 AEST" finished-at="2021-05-29T20:01:04 AEST">
          <params>
            <param index="0">
              <value>
                <![CDATA[void Org.Testing.TestTrigger.Trigger.ThePostRequest() throws java.io.IOException]]>
              </value>
            </param>
          </params>
          <reporter-output>
          </reporter-output>
        </test-method> <!-- ExecuteBeforeEveryMethod -->
        <test-method status="PASS" signature="ThePostRequest()[pri:1, instance:Org.Testing.TestTrigger.Trigger@612679d6]" name="ThePostRequest" duration-ms="2393" started-at="2021-05-29T20:01:04 AEST" finished-at="2021-05-29T20:01:06 AEST">
          <reporter-output>
          </reporter-output>
        </test-method> <!-- ThePostRequest -->
        <test-method status="PASS" signature="ExecuteAfterEveryMethod(org.testng.ITestResult)[pri:0, instance:Org.Testing.TestTrigger.Trigger@612679d6]" name="ExecuteAfterEveryMethod" is-config="true" duration-ms="0" started-at="2021-05-29T20:01:06 AEST" finished-at="2021-05-29T20:01:06 AEST">
          <params>
            <param index="0">
              <value>
                <![CDATA[[TestResult name=ThePostRequest status=SUCCESS method=Trigger.ThePostRequest()[pri:1, instance:Org.Testing.TestTrigger.Trigger@612679d6] output={null}]]]>
              </value>
            </param>
          </params>
          <reporter-output>
          </reporter-output>
        </test-method> <!-- ExecuteAfterEveryMethod -->
        <test-method status="PASS" signature="ExecuteBeforeEveryMethod(java.lang.reflect.Method)[pri:0, instance:Org.Testing.TestTrigger.Trigger@612679d6]" name="ExecuteBeforeEveryMethod" is-config="true" duration-ms="3" started-at="2021-05-29T20:01:06 AEST" finished-at="2021-05-29T20:01:06 AEST">
          <params>
            <param index="0">
              <value>
                <![CDATA[void Org.Testing.TestTrigger.Trigger.TheGetRequest() throws java.io.IOException]]>
              </value>
            </param>
          </params>
          <reporter-output>
          </reporter-output>
        </test-method> <!-- ExecuteBeforeEveryMethod -->
        <test-method status="PASS" signature="TheGetRequest()[pri:2, instance:Org.Testing.TestTrigger.Trigger@612679d6]" name="TheGetRequest" duration-ms="59" started-at="2021-05-29T20:01:06 AEST" finished-at="2021-05-29T20:01:07 AEST">
          <reporter-output>
          </reporter-output>
        </test-method> <!-- TheGetRequest -->
        <test-method status="PASS" signature="ExecuteAfterEveryMethod(org.testng.ITestResult)[pri:0, instance:Org.Testing.TestTrigger.Trigger@612679d6]" name="ExecuteAfterEveryMethod" is-config="true" duration-ms="0" started-at="2021-05-29T20:01:07 AEST" finished-at="2021-05-29T20:01:07 AEST">
          <params>
            <param index="0">
              <value>
                <![CDATA[[TestResult name=TheGetRequest status=SUCCESS method=Trigger.TheGetRequest()[pri:2, instance:Org.Testing.TestTrigger.Trigger@612679d6] output={null}]]]>
              </value>
            </param>
          </params>
          <reporter-output>
          </reporter-output>
        </test-method> <!-- ExecuteAfterEveryMethod -->
        <test-method status="PASS" signature="ThePutRequest()[pri:3, instance:Org.Testing.TestTrigger.Trigger@612679d6]" name="ThePutRequest" duration-ms="36" started-at="2021-05-29T20:01:07 AEST" finished-at="2021-05-29T20:01:07 AEST">
          <reporter-output>
          </reporter-output>
        </test-method> <!-- ThePutRequest -->
        <test-method status="PASS" signature="ExecuteBeforeEveryMethod(java.lang.reflect.Method)[pri:0, instance:Org.Testing.TestTrigger.Trigger@612679d6]" name="ExecuteBeforeEveryMethod" is-config="true" duration-ms="0" started-at="2021-05-29T20:01:07 AEST" finished-at="2021-05-29T20:01:07 AEST">
          <params>
            <param index="0">
              <value>
                <![CDATA[void Org.Testing.TestTrigger.Trigger.ThePutRequest() throws java.io.IOException]]>
              </value>
            </param>
          </params>
          <reporter-output>
          </reporter-output>
        </test-method> <!-- ExecuteBeforeEveryMethod -->
        <test-method status="PASS" signature="ExecuteAfterEveryMethod(org.testng.ITestResult)[pri:0, instance:Org.Testing.TestTrigger.Trigger@612679d6]" name="ExecuteAfterEveryMethod" is-config="true" duration-ms="0" started-at="2021-05-29T20:01:07 AEST" finished-at="2021-05-29T20:01:07 AEST">
          <params>
            <param index="0">
              <value>
                <![CDATA[[TestResult name=ThePutRequest status=SUCCESS method=Trigger.ThePutRequest()[pri:3, instance:Org.Testing.TestTrigger.Trigger@612679d6] output={null}]]]>
              </value>
            </param>
          </params>
          <reporter-output>
          </reporter-output>
        </test-method> <!-- ExecuteAfterEveryMethod -->
        <test-method status="PASS" signature="ExecuteBeforeEveryMethod(java.lang.reflect.Method)[pri:0, instance:Org.Testing.TestTrigger.Trigger@612679d6]" name="ExecuteBeforeEveryMethod" is-config="true" duration-ms="1" started-at="2021-05-29T20:01:07 AEST" finished-at="2021-05-29T20:01:07 AEST">
          <params>
            <param index="0">
              <value>
                <![CDATA[void Org.Testing.TestTrigger.Trigger.TheDeleteRequest() throws java.io.IOException]]>
              </value>
            </param>
          </params>
          <reporter-output>
          </reporter-output>
        </test-method> <!-- ExecuteBeforeEveryMethod -->
        <test-method status="PASS" signature="TheDeleteRequest()[pri:4, instance:Org.Testing.TestTrigger.Trigger@612679d6]" name="TheDeleteRequest" duration-ms="44" started-at="2021-05-29T20:01:07 AEST" finished-at="2021-05-29T20:01:07 AEST">
          <reporter-output>
          </reporter-output>
        </test-method> <!-- TheDeleteRequest -->
        <test-method status="PASS" signature="ExecuteAfterEveryMethod(org.testng.ITestResult)[pri:0, instance:Org.Testing.TestTrigger.Trigger@612679d6]" name="ExecuteAfterEveryMethod" is-config="true" duration-ms="0" started-at="2021-05-29T20:01:07 AEST" finished-at="2021-05-29T20:01:07 AEST">
          <params>
            <param index="0">
              <value>
                <![CDATA[[TestResult name=TheDeleteRequest status=SUCCESS method=Trigger.TheDeleteRequest()[pri:4, instance:Org.Testing.TestTrigger.Trigger@612679d6] output={null}]]]>
              </value>
            </param>
          </params>
          <reporter-output>
          </reporter-output>
        </test-method> <!-- ExecuteAfterEveryMethod -->
      </class> <!-- Org.Testing.TestTrigger.Trigger -->
    </test> <!-- Default test -->
  </suite> <!-- Default suite -->
</testng-results>
